<?xml version="1.0" encoding="UTF-8"?>
<robot generator="Robot 6.1.1 (Python 3.13.0a2 on win32)" generated="20231218 16:57:31.445" rpa="false" schemaversion="4">
<suite id="s1" name="Venda-Pdv" source="C:\Projetos\robot-sikuli-bug-backery\tests\venda-pdv.robot">
<kw name="Inicia Sessão" library="base-pdv" type="SETUP">
<kw name="Carrega os Elementos do App" library="base-pdv">
<kw name="Add Image Path" library="SikuliLibrary">
<arg>${EXECDIR}\\resources\\elements</arg>
<doc>Add image path</doc>
<status status="PASS" starttime="20231218 16:57:34.233" endtime="20231218 16:57:34.250"/>
</kw>
<status status="PASS" starttime="20231218 16:57:34.233" endtime="20231218 16:57:34.250"/>
</kw>
<kw name="Click" library="SikuliLibrary">
<arg>icone-app.png</arg>
<doc>Click</doc>
<msg timestamp="20231218 16:57:35.284" level="INFO" html="true">&lt;img src='sikuli_captured/sikuliximage-1702929454589.png'/&gt;
[log] CLICK on L[734,748]@S(0) (582 msec)</msg>
<status status="PASS" starttime="20231218 16:57:34.250" endtime="20231218 16:57:35.284"/>
</kw>
<status status="PASS" starttime="20231218 16:57:34.233" endtime="20231218 16:57:35.284"/>
</kw>
<test id="s1-t1" name="Vender o melhor combo" line="10">
<kw name="Abrir PDV" library="pdv">
<kw name="Click" library="SikuliLibrary">
<arg>menu-vendas.png</arg>
<doc>Click</doc>
<msg timestamp="20231218 16:57:36.490" level="INFO" html="true">&lt;img src='sikuli_captured/sikuliximage-1702929455806.png'/&gt;
[log] CLICK on L[169,35]@S(0) (579 msec)</msg>
<status status="PASS" starttime="20231218 16:57:35.285" endtime="20231218 16:57:36.490"/>
</kw>
<status status="PASS" starttime="20231218 16:57:35.285" endtime="20231218 16:57:36.491"/>
</kw>
<kw name="Selecionar o Funcionario" library="pdv">
<arg>func-fernando</arg>
<kw name="Press Special Key" library="SikuliLibrary">
<arg>F1</arg>
<doc>Press special key
 Presses a special keyboard key.</doc>
<msg timestamp="20231218 16:57:36.645" level="INFO">[log]  TYPE "#F1."</msg>
<status status="PASS" starttime="20231218 16:57:36.492" endtime="20231218 16:57:36.645"/>
</kw>
<kw name="Double Click" library="SikuliLibrary">
<arg>${funcionario}.png</arg>
<doc>Double click</doc>
<msg timestamp="20231218 16:57:37.849" level="INFO" html="true">&lt;img src='sikuli_captured/sikuliximage-1702929457115.png'/&gt;
[log] DOUBLE CLICK on L[614,312]@S(0) (612 msec)</msg>
<status status="PASS" starttime="20231218 16:57:36.645" endtime="20231218 16:57:37.849"/>
</kw>
<status status="PASS" starttime="20231218 16:57:36.491" endtime="20231218 16:57:37.849"/>
</kw>
<kw name="Adicionar um Item" library="pdv">
<arg>produto-coxinha</arg>
<arg>2</arg>
<kw name="Press Special Key" library="SikuliLibrary">
<arg>F3</arg>
<doc>Press special key
 Presses a special keyboard key.</doc>
<msg timestamp="20231218 16:57:37.941" level="INFO">[log]  TYPE "#F3."</msg>
<status status="PASS" starttime="20231218 16:57:37.850" endtime="20231218 16:57:37.941"/>
</kw>
<kw name="Double Click" library="SikuliLibrary">
<arg>${produto}.png</arg>
<doc>Double click</doc>
<msg timestamp="20231218 16:57:38.826" level="INFO" html="true">&lt;img src='sikuli_captured/sikuliximage-1702929458085.png'/&gt;
[log] DOUBLE CLICK on L[613,420]@S(0) (612 msec)</msg>
<status status="PASS" starttime="20231218 16:57:37.941" endtime="20231218 16:57:38.826"/>
</kw>
<kw name="Input Text" library="SikuliLibrary">
<arg>campo-quantidade.png</arg>
<arg>${quantidade}</arg>
<doc>Input text.
 Image could be empty</doc>
<msg timestamp="20231218 16:57:39.785" level="INFO">Input Text:
2</msg>
<msg timestamp="20231218 16:57:39.785" level="INFO" html="true">&lt;img src='sikuli_captured/sikuliximage-1702929458997.png'/&gt;
[log] CLICK on L[472,205]@S(0) (573 msec)
[log]  TYPE "2"</msg>
<status status="PASS" starttime="20231218 16:57:38.826" endtime="20231218 16:57:39.785"/>
</kw>
<kw name="Press Special Key" library="SikuliLibrary">
<arg>ENTER</arg>
<doc>Press special key
 Presses a special keyboard key.</doc>
<msg timestamp="20231218 16:57:39.893" level="INFO">[log]  TYPE "#ENTER."</msg>
<status status="PASS" starttime="20231218 16:57:39.786" endtime="20231218 16:57:39.893"/>
</kw>
<status status="PASS" starttime="20231218 16:57:37.849" endtime="20231218 16:57:39.893"/>
</kw>
<kw name="Adicionar um Item" library="pdv">
<arg>produto-cocacola</arg>
<arg>3</arg>
<kw name="Press Special Key" library="SikuliLibrary">
<arg>F3</arg>
<doc>Press special key
 Presses a special keyboard key.</doc>
<msg timestamp="20231218 16:57:39.999" level="INFO">[log]  TYPE "#F3."</msg>
<status status="PASS" starttime="20231218 16:57:39.894" endtime="20231218 16:57:39.999"/>
</kw>
<kw name="Double Click" library="SikuliLibrary">
<arg>${produto}.png</arg>
<doc>Double click</doc>
<msg timestamp="20231218 16:57:43.337" level="INFO" html="true">&lt;img src='sikuli_captured/sikuliximage-1702929463066.png'/&gt;</msg>
<msg timestamp="20231218 16:57:43.337" level="FAIL">com.github.rainmanwy.robotframework.sikulilib.exceptions.TimeoutException: Timeout happened, could not find P(produto-cocacola.png) S: 0.699999988079071</msg>
<status status="FAIL" starttime="20231218 16:57:39.999" endtime="20231218 16:57:43.337"/>
</kw>
<kw name="Input Text" library="SikuliLibrary">
<arg>campo-quantidade.png</arg>
<arg>${quantidade}</arg>
<doc>Input text.
 Image could be empty</doc>
<status status="NOT RUN" starttime="20231218 16:57:43.338" endtime="20231218 16:57:43.338"/>
</kw>
<kw name="Press Special Key" library="SikuliLibrary">
<arg>ENTER</arg>
<doc>Press special key
 Presses a special keyboard key.</doc>
<status status="NOT RUN" starttime="20231218 16:57:43.338" endtime="20231218 16:57:43.338"/>
</kw>
<status status="FAIL" starttime="20231218 16:57:39.893" endtime="20231218 16:57:43.338"/>
</kw>
<kw name="Finalizar a Venda" library="pdv">
<status status="NOT RUN" starttime="20231218 16:57:43.339" endtime="20231218 16:57:43.339"/>
</kw>
<kw name="Deve fechar o pedido com sucesso" library="pdv">
<status status="NOT RUN" starttime="20231218 16:57:43.339" endtime="20231218 16:57:43.339"/>
</kw>
<kw name="Finaliza Teste" library="base-pdv" type="TEARDOWN">
<kw name="Capture Screen" library="SikuliLibrary">
<doc>Capture whole screen, file name is returned</doc>
<msg timestamp="20231218 16:57:43.560" level="INFO" html="true">&lt;img src='sikuli_captured/sikuliximage-1702929463394.png'/&gt;</msg>
<status status="PASS" starttime="20231218 16:57:43.340" endtime="20231218 16:57:43.560"/>
</kw>
<kw name="Close Application" library="SikuliLibrary">
<arg>BugBakery</arg>
<doc>Close application</doc>
<status status="PASS" starttime="20231218 16:57:43.561" endtime="20231218 16:57:44.706"/>
</kw>
<status status="PASS" starttime="20231218 16:57:43.339" endtime="20231218 16:57:44.706"/>
</kw>
<status status="FAIL" starttime="20231218 16:57:35.284" endtime="20231218 16:57:44.707">com.github.rainmanwy.robotframework.sikulilib.exceptions.TimeoutException: Timeout happened, could not find P(produto-cocacola.png) S: 0.699999988079071</status>
</test>
<kw name="Encerrar Sessão" library="base-pdv" type="TEARDOWN">
<kw name="Stop Remote Server" library="SikuliLibrary">
<doc>Stops the remote server.</doc>
<msg timestamp="20231218 16:57:44.713" level="INFO">Robot Framework remote server stopping</msg>
<status status="PASS" starttime="20231218 16:57:44.709" endtime="20231218 16:57:44.713"/>
</kw>
<status status="PASS" starttime="20231218 16:57:44.709" endtime="20231218 16:57:44.713"/>
</kw>
<doc>Suite de teste de venda no PDV</doc>
<status status="FAIL" starttime="20231218 16:57:31.447" endtime="20231218 16:57:44.713"/>
</suite>
<statistics>
<total>
<stat pass="0" fail="1" skip="0">All Tests</stat>
</total>
<tag>
</tag>
<suite>
<stat pass="0" fail="1" skip="0" id="s1" name="Venda-Pdv">Venda-Pdv</stat>
</suite>
</statistics>
<errors>
</errors>
</robot>
